[ 2016-08-18T11:28:26+08:00 ] 124.193.229.203 /A_NOT_EXISTED_URL_TO_CHECK_404_STATUS_EXISTENCE
INFO: [ app_init ] --START--
INFO: Run Behavior\BuildLiteBehavior [ RunTime:0.000013s ]
INFO: [ app_init ] --END-- [ RunTime:0.000272s ]
ERR: 无法加载模块:A_NOT_EXISTED_URL_TO_CHECK_404_STATUS_EXISTENCE

[ 2016-08-18T11:28:26+08:00 ] 124.193.229.203 /zabbix/jsrpc.php?sid=0bcd4ade648214dc&type=9&method=screen.get&timestamp=1471403798083&mode=2&screenid=&groupid=&hostid=0&pageFile=history.php&profileIdx=web.item.graph&profileIdx2=2%273297&updateProfile=true&screenitemid=&period=3600&stime=20160817050632&resourcetype=17&itemids%5B23297%5D=23297&action=showlatest&filter=&filter_task=&mark_color=1
INFO: [ app_init ] --START--
INFO: Run Behavior\BuildLiteBehavior [ RunTime:0.000013s ]
INFO: [ app_init ] --END-- [ RunTime:0.000320s ]
ERR: 无法加载模块:Zabbix

[ 2016-08-18T11:39:13+08:00 ] 201.166.204.137 /hndUnblock.cgi
INFO: [ app_init ] --START--
INFO: Run Behavior\BuildLiteBehavior [ RunTime:0.000013s ]
INFO: [ app_init ] --END-- [ RunTime:0.000276s ]
ERR: 无法加载模块:HndUnblock

[ 2016-08-18T11:39:13+08:00 ] 201.166.204.137 /tmUnblock.cgi
INFO: [ app_init ] --START--
INFO: Run Behavior\BuildLiteBehavior [ RunTime:0.000012s ]
INFO: [ app_init ] --END-- [ RunTime:0.000319s ]
ERR: 无法加载模块:TmUnblock

[ 2016-08-18T11:39:14+08:00 ] 201.166.204.137 /cgi/common.cgi
INFO: [ app_init ] --START--
INFO: Run Behavior\BuildLiteBehavior [ RunTime:0.000018s ]
INFO: [ app_init ] --END-- [ RunTime:0.000335s ]
ERR: 无法加载模块:Cgi

[ 2016-08-18T11:39:14+08:00 ] 201.166.204.137 /stssys.htm
INFO: [ app_init ] --START--
INFO: Run Behavior\BuildLiteBehavior [ RunTime:0.000017s ]
INFO: [ app_init ] --END-- [ RunTime:0.000309s ]
ERR: 无法加载模块:Stssys

[ 2016-08-18T11:39:15+08:00 ] 201.166.204.137 /command.php
INFO: [ app_init ] --START--
INFO: Run Behavior\BuildLiteBehavior [ RunTime:0.000013s ]
INFO: [ app_init ] --END-- [ RunTime:0.000274s ]
ERR: 无法加载模块:Command

[ 2016-08-18T12:58:28+08:00 ] 139.129.212.126 /manager/html
INFO: [ app_init ] --START--
INFO: Run Behavior\BuildLiteBehavior [ RunTime:0.000013s ]
INFO: [ app_init ] --END-- [ RunTime:0.000283s ]
ERR: 无法加载模块:Manager

[ 2016-08-18T13:44:26+08:00 ] 112.94.27.93 /favicon.ico
INFO: [ app_init ] --START--
INFO: Run Behavior\BuildLiteBehavior [ RunTime:0.000014s ]
INFO: [ app_init ] --END-- [ RunTime:0.000302s ]
ERR: 无法加载模块:Favicon

[ 2016-08-18T13:44:30+08:00 ] 112.94.27.93 /Public/css/__PUBLIC__/images/blueprint.png
INFO: [ app_init ] --START--
INFO: Run Behavior\BuildLiteBehavior [ RunTime:0.000018s ]
INFO: [ app_init ] --END-- [ RunTime:0.000335s ]
ERR: 无法加载模块:Public

[ 2016-08-18T13:44:32+08:00 ] 112.94.27.93 /Public/css/__PUBLIC__/images/blueprint.png
INFO: [ app_init ] --START--
INFO: Run Behavior\BuildLiteBehavior [ RunTime:0.000021s ]
INFO: [ app_init ] --END-- [ RunTime:0.000548s ]
ERR: 无法加载模块:Public

[ 2016-08-18T13:44:33+08:00 ] 112.94.27.93 /Public/css/__PUBLIC__/images/blueprint.png
INFO: [ app_init ] --START--
INFO: Run Behavior\BuildLiteBehavior [ RunTime:0.000013s ]
INFO: [ app_init ] --END-- [ RunTime:0.000276s ]
ERR: 无法加载模块:Public

[ 2016-08-18T13:44:33+08:00 ] 112.94.27.93 /Public/css/__PUBLIC__/images/blueprint.png
INFO: [ app_init ] --START--
INFO: Run Behavior\BuildLiteBehavior [ RunTime:0.000014s ]
INFO: [ app_init ] --END-- [ RunTime:0.000319s ]
ERR: 无法加载模块:Public

[ 2016-08-18T13:44:49+08:00 ] 112.94.27.93 /Public/css/__PUBLIC__/images/blueprint.png
INFO: [ app_init ] --START--
INFO: Run Behavior\BuildLiteBehavior [ RunTime:0.000014s ]
INFO: [ app_init ] --END-- [ RunTime:0.000324s ]
ERR: 无法加载模块:Public

[ 2016-08-18T13:44:55+08:00 ] 112.94.27.93 /Public/css/__PUBLIC__/images/blueprint.png
INFO: [ app_init ] --START--
INFO: Run Behavior\BuildLiteBehavior [ RunTime:0.000014s ]
INFO: [ app_init ] --END-- [ RunTime:0.000349s ]
ERR: 无法加载模块:Public

[ 2016-08-18T13:50:59+08:00 ] 112.94.27.93 /favicon.ico
INFO: [ app_init ] --START--
INFO: Run Behavior\BuildLiteBehavior [ RunTime:0.000013s ]
INFO: [ app_init ] --END-- [ RunTime:0.000294s ]
ERR: 无法加载模块:Favicon

[ 2016-08-18T14:03:04+08:00 ] 127.0.0.1 /favicon.ico
INFO: [ app_init ] --START--
INFO: Run Behavior\BuildLiteBehavior [ RunTime:0.000000s ]
INFO: [ app_init ] --END-- [ RunTime:0.000000s ]
ERR: 无法加载模块:Favicon

