[ 2016-08-16T18:16:33+08:00 ] 127.0.0.1 /index.php/Admin/system/cleanCache.html
INFO: [ app_init ] --START--
INFO: Run Behavior\BuildLiteBehavior [ RunTime:0.000000s ]
INFO: [ app_init ] --END-- [ RunTime:0.001000s ]
INFO: [ app_begin ] --START--
INFO: Run Behavior\ReadHtmlCacheBehavior [ RunTime:0.001000s ]
INFO: [ app_begin ] --END-- [ RunTime:0.001000s ]
INFO: [ view_parse ] --START--
INFO: [ template_filter ] --START--
INFO: Run Behavior\ContentReplaceBehavior [ RunTime:0.000000s ]
INFO: [ template_filter ] --END-- [ RunTime:0.000000s ]
INFO: Run Behavior\ParseTemplateBehavior [ RunTime:0.007000s ]
INFO: [ view_parse ] --END-- [ RunTime:0.007000s ]
INFO: [ view_filter ] --START--
INFO: Run Behavior\WriteHtmlCacheBehavior [ RunTime:0.001000s ]
INFO: [ view_filter ] --END-- [ RunTime:0.001000s ]
INFO: [ app_end ] --START--
INFO: Run Behavior\ShowPageTraceBehavior [ RunTime:0.001001s ]
INFO: [ app_end ] --END-- [ RunTime:0.001001s ]

[ 2016-08-16T18:16:34+08:00 ] 127.0.0.1 /index.php/Admin/index/welcome.html
INFO: [ app_init ] --START--
INFO: Run Behavior\BuildLiteBehavior [ RunTime:0.000000s ]
INFO: [ app_init ] --END-- [ RunTime:0.001000s ]
INFO: [ app_begin ] --START--
INFO: Run Behavior\ReadHtmlCacheBehavior [ RunTime:0.001000s ]
INFO: [ app_begin ] --END-- [ RunTime:0.001000s ]
NOTIC: [2] file_get_contents(./Application/Admin/Conf/version.txt): failed to open stream: No such file or directory C:\phpapp\wwwroot\Application\Admin\Controller\IndexController.class.php 第 61 行.
INFO: [ view_parse ] --START--
INFO: [ template_filter ] --START--
INFO: Run Behavior\ContentReplaceBehavior [ RunTime:0.000000s ]
INFO: [ template_filter ] --END-- [ RunTime:0.000000s ]
INFO: Run Behavior\ParseTemplateBehavior [ RunTime:0.009000s ]
INFO: [ view_parse ] --END-- [ RunTime:0.009000s ]
INFO: [ view_filter ] --START--
INFO: Run Behavior\WriteHtmlCacheBehavior [ RunTime:0.000000s ]
INFO: [ view_filter ] --END-- [ RunTime:0.000000s ]
INFO: [ app_end ] --START--
INFO: Run Behavior\ShowPageTraceBehavior [ RunTime:0.000000s ]
INFO: [ app_end ] --END-- [ RunTime:0.000000s ]

[ 2016-08-16T18:16:37+08:00 ] 127.0.0.1 /index.php/Admin/system/module.html
INFO: [ app_init ] --START--
INFO: Run Behavior\BuildLiteBehavior [ RunTime:0.000000s ]
INFO: [ app_init ] --END-- [ RunTime:0.001000s ]
INFO: [ app_begin ] --START--
INFO: Run Behavior\ReadHtmlCacheBehavior [ RunTime:0.000000s ]
INFO: [ app_begin ] --END-- [ RunTime:0.000000s ]
INFO: [ view_parse ] --START--
INFO: [ template_filter ] --START--
INFO: Run Behavior\ContentReplaceBehavior [ RunTime:0.000000s ]
INFO: [ template_filter ] --END-- [ RunTime:0.000000s ]
NOTIC: [8] Undefined variable: navigate_admin C:\phpapp\wwwroot\Application\Runtime\Cache\Admin\56c88bcdfeea3bffeec5abf624783838.php 第 85 行.
NOTIC: [8] Use of undefined constant mod_id - assumed 'mod_id' C:\phpapp\wwwroot\Application\Runtime\Cache\Admin\56c88bcdfeea3bffeec5abf624783838.php 第 114 行.
NOTIC: [8] Use of undefined constant mod_id - assumed 'mod_id' C:\phpapp\wwwroot\Application\Runtime\Cache\Admin\56c88bcdfeea3bffeec5abf624783838.php 第 115 行.
NOTIC: [8] Use of undefined constant mod_id - assumed 'mod_id' C:\phpapp\wwwroot\Application\Runtime\Cache\Admin\56c88bcdfeea3bffeec5abf624783838.php 第 114 行.
NOTIC: [8] Use of undefined constant mod_id - assumed 'mod_id' C:\phpapp\wwwroot\Application\Runtime\Cache\Admin\56c88bcdfeea3bffeec5abf624783838.php 第 115 行.
NOTIC: [8] Use of undefined constant mod_id - assumed 'mod_id' C:\phpapp\wwwroot\Application\Runtime\Cache\Admin\56c88bcdfeea3bffeec5abf624783838.php 第 114 行.
NOTIC: [8] Use of undefined constant mod_id - assumed 'mod_id' C:\phpapp\wwwroot\Application\Runtime\Cache\Admin\56c88bcdfeea3bffeec5abf624783838.php 第 115 行.
NOTIC: [8] Use of undefined constant mod_id - assumed 'mod_id' C:\phpapp\wwwroot\Application\Runtime\Cache\Admin\56c88bcdfeea3bffeec5abf624783838.php 第 114 行.
NOTIC: [8] Use of undefined constant mod_id - assumed 'mod_id' C:\phpapp\wwwroot\Application\Runtime\Cache\Admin\56c88bcdfeea3bffeec5abf624783838.php 第 115 行.
NOTIC: [8] Use of undefined constant mod_id - assumed 'mod_id' C:\phpapp\wwwroot\Application\Runtime\Cache\Admin\56c88bcdfeea3bffeec5abf624783838.php 第 114 行.
NOTIC: [8] Use of undefined constant mod_id - assumed 'mod_id' C:\phpapp\wwwroot\Application\Runtime\Cache\Admin\56c88bcdfeea3bffeec5abf624783838.php 第 115 行.
NOTIC: [8] Use of undefined constant mod_id - assumed 'mod_id' C:\phpapp\wwwroot\Application\Runtime\Cache\Admin\56c88bcdfeea3bffeec5abf624783838.php 第 114 行.
NOTIC: [8] Use of undefined constant mod_id - assumed 'mod_id' C:\phpapp\wwwroot\Application\Runtime\Cache\Admin\56c88bcdfeea3bffeec5abf624783838.php 第 115 行.
NOTIC: [8] Use of undefined constant mod_id - assumed 'mod_id' C:\phpapp\wwwroot\Application\Runtime\Cache\Admin\56c88bcdfeea3bffeec5abf624783838.php 第 114 行.
NOTIC: [8] Use of undefined constant mod_id - assumed 'mod_id' C:\phpapp\wwwroot\Application\Runtime\Cache\Admin\56c88bcdfeea3bffeec5abf624783838.php 第 115 行.
NOTIC: [8] Use of undefined constant mod_id - assumed 'mod_id' C:\phpapp\wwwroot\Application\Runtime\Cache\Admin\56c88bcdfeea3bffeec5abf624783838.php 第 114 行.
NOTIC: [8] Use of undefined constant mod_id - assumed 'mod_id' C:\phpapp\wwwroot\Application\Runtime\Cache\Admin\56c88bcdfeea3bffeec5abf624783838.php 第 115 行.
NOTIC: [8] Use of undefined constant mod_id - assumed 'mod_id' C:\phpapp\wwwroot\Application\Runtime\Cache\Admin\56c88bcdfeea3bffeec5abf624783838.php 第 114 行.
NOTIC: [8] Use of undefined constant mod_id - assumed 'mod_id' C:\phpapp\wwwroot\Application\Runtime\Cache\Admin\56c88bcdfeea3bffeec5abf624783838.php 第 115 行.
NOTIC: [8] Use of undefined constant mod_id - assumed 'mod_id' C:\phpapp\wwwroot\Application\Runtime\Cache\Admin\56c88bcdfeea3bffeec5abf624783838.php 第 114 行.
NOTIC: [8] Use of undefined constant mod_id - assumed 'mod_id' C:\phpapp\wwwroot\Application\Runtime\Cache\Admin\56c88bcdfeea3bffeec5abf624783838.php 第 115 行.
NOTIC: [8] Use of undefined constant mod_id - assumed 'mod_id' C:\phpapp\wwwroot\Application\Runtime\Cache\Admin\56c88bcdfeea3bffeec5abf624783838.php 第 114 行.
NOTIC: [8] Use of undefined constant mod_id - assumed 'mod_id' C:\phpapp\wwwroot\Application\Runtime\Cache\Admin\56c88bcdfeea3bffeec5abf624783838.php 第 115 行.
NOTIC: [8] Use of undefined constant mod_id - assumed 'mod_id' C:\phpapp\wwwroot\Application\Runtime\Cache\Admin\56c88bcdfeea3bffeec5abf624783838.php 第 114 行.
NOTIC: [8] Use of undefined constant mod_id - assumed 'mod_id' C:\phpapp\wwwroot\Application\Runtime\Cache\Admin\56c88bcdfeea3bffeec5abf624783838.php 第 115 行.
NOTIC: [8] Use of undefined constant mod_id - assumed 'mod_id' C:\phpapp\wwwroot\Application\Runtime\Cache\Admin\56c88bcdfeea3bffeec5abf624783838.php 第 114 行.
NOTIC: [8] Use of undefined constant mod_id - assumed 'mod_id' C:\phpapp\wwwroot\Application\Runtime\Cache\Admin\56c88bcdfeea3bffeec5abf624783838.php 第 115 行.
NOTIC: [8] Use of undefined constant mod_id - assumed 'mod_id' C:\phpapp\wwwroot\Application\Runtime\Cache\Admin\56c88bcdfeea3bffeec5abf624783838.php 第 114 行.
NOTIC: [8] Use of undefined constant mod_id - assumed 'mod_id' C:\phpapp\wwwroot\Application\Runtime\Cache\Admin\56c88bcdfeea3bffeec5abf624783838.php 第 115 行.
INFO: Run Behavior\ParseTemplateBehavior [ RunTime:0.014001s ]
INFO: [ view_parse ] --END-- [ RunTime:0.014001s ]
INFO: [ view_filter ] --START--
INFO: Run Behavior\WriteHtmlCacheBehavior [ RunTime:0.000000s ]
INFO: [ view_filter ] --END-- [ RunTime:0.000000s ]
INFO: [ app_end ] --START--
INFO: Run Behavior\ShowPageTraceBehavior [ RunTime:0.000000s ]
INFO: [ app_end ] --END-- [ RunTime:0.001000s ]

[ 2016-08-16T18:16:41+08:00 ] 127.0.0.1 /index.php/Admin/System/create_menu/mod_id/2/action/edit.html
INFO: [ app_init ] --START--
INFO: Run Behavior\BuildLiteBehavior [ RunTime:0.000000s ]
INFO: [ app_init ] --END-- [ RunTime:0.000000s ]
INFO: [ app_begin ] --START--
INFO: Run Behavior\ReadHtmlCacheBehavior [ RunTime:0.001000s ]
INFO: [ app_begin ] --END-- [ RunTime:0.001000s ]
INFO: [ view_parse ] --START--
INFO: [ template_filter ] --START--
INFO: Run Behavior\ContentReplaceBehavior [ RunTime:0.000000s ]
INFO: [ template_filter ] --END-- [ RunTime:0.000000s ]
NOTIC: [8] Use of undefined constant parent_id - assumed 'parent_id' C:\phpapp\wwwroot\Application\Runtime\Cache\Admin\65459619f0431840908e08a3f02dd1d8.php 第 88 行.
NOTIC: [8] Use of undefined constant parent_id - assumed 'parent_id' C:\phpapp\wwwroot\Application\Runtime\Cache\Admin\65459619f0431840908e08a3f02dd1d8.php 第 88 行.
NOTIC: [8] Use of undefined constant parent_id - assumed 'parent_id' C:\phpapp\wwwroot\Application\Runtime\Cache\Admin\65459619f0431840908e08a3f02dd1d8.php 第 88 行.
NOTIC: [8] Use of undefined constant parent_id - assumed 'parent_id' C:\phpapp\wwwroot\Application\Runtime\Cache\Admin\65459619f0431840908e08a3f02dd1d8.php 第 88 行.
NOTIC: [8] Use of undefined constant parent_id - assumed 'parent_id' C:\phpapp\wwwroot\Application\Runtime\Cache\Admin\65459619f0431840908e08a3f02dd1d8.php 第 88 行.
NOTIC: [8] Use of undefined constant parent_id - assumed 'parent_id' C:\phpapp\wwwroot\Application\Runtime\Cache\Admin\65459619f0431840908e08a3f02dd1d8.php 第 88 行.
INFO: Run Behavior\ParseTemplateBehavior [ RunTime:0.011000s ]
INFO: [ view_parse ] --END-- [ RunTime:0.011000s ]
INFO: [ view_filter ] --START--
INFO: Run Behavior\WriteHtmlCacheBehavior [ RunTime:0.001000s ]
INFO: [ view_filter ] --END-- [ RunTime:0.001000s ]
INFO: [ app_end ] --START--
INFO: Run Behavior\ShowPageTraceBehavior [ RunTime:0.000000s ]
INFO: [ app_end ] --END-- [ RunTime:0.000000s ]

[ 2016-08-16T18:16:54+08:00 ] 127.0.0.1 /index.php/Admin/System/create_menu/mod_id/3/action/edit.html
INFO: [ app_init ] --START--
INFO: Run Behavior\BuildLiteBehavior [ RunTime:0.000000s ]
INFO: [ app_init ] --END-- [ RunTime:0.000000s ]
INFO: [ app_begin ] --START--
INFO: Run Behavior\ReadHtmlCacheBehavior [ RunTime:0.001001s ]
INFO: [ app_begin ] --END-- [ RunTime:0.001001s ]
INFO: [ view_parse ] --START--
INFO: [ template_filter ] --START--
INFO: Run Behavior\ContentReplaceBehavior [ RunTime:0.000000s ]
INFO: [ template_filter ] --END-- [ RunTime:0.000000s ]
NOTIC: [8] Use of undefined constant parent_id - assumed 'parent_id' C:\phpapp\wwwroot\Application\Runtime\Cache\Admin\65459619f0431840908e08a3f02dd1d8.php 第 88 行.
NOTIC: [8] Use of undefined constant parent_id - assumed 'parent_id' C:\phpapp\wwwroot\Application\Runtime\Cache\Admin\65459619f0431840908e08a3f02dd1d8.php 第 88 行.
NOTIC: [8] Use of undefined constant parent_id - assumed 'parent_id' C:\phpapp\wwwroot\Application\Runtime\Cache\Admin\65459619f0431840908e08a3f02dd1d8.php 第 88 行.
NOTIC: [8] Use of undefined constant parent_id - assumed 'parent_id' C:\phpapp\wwwroot\Application\Runtime\Cache\Admin\65459619f0431840908e08a3f02dd1d8.php 第 88 行.
NOTIC: [8] Use of undefined constant parent_id - assumed 'parent_id' C:\phpapp\wwwroot\Application\Runtime\Cache\Admin\65459619f0431840908e08a3f02dd1d8.php 第 88 行.
NOTIC: [8] Use of undefined constant parent_id - assumed 'parent_id' C:\phpapp\wwwroot\Application\Runtime\Cache\Admin\65459619f0431840908e08a3f02dd1d8.php 第 88 行.
INFO: Run Behavior\ParseTemplateBehavior [ RunTime:0.013001s ]
INFO: [ view_parse ] --END-- [ RunTime:0.013001s ]
INFO: [ view_filter ] --START--
INFO: Run Behavior\WriteHtmlCacheBehavior [ RunTime:0.001000s ]
INFO: [ view_filter ] --END-- [ RunTime:0.001000s ]
INFO: [ app_end ] --START--
INFO: Run Behavior\ShowPageTraceBehavior [ RunTime:0.000000s ]
INFO: [ app_end ] --END-- [ RunTime:0.000000s ]

[ 2016-08-16T18:16:58+08:00 ] 127.0.0.1 /index.php/Admin/System/create_menu/mod_id/7/action/edit.html
INFO: [ app_init ] --START--
INFO: Run Behavior\BuildLiteBehavior [ RunTime:0.000000s ]
INFO: [ app_init ] --END-- [ RunTime:0.001000s ]
INFO: [ app_begin ] --START--
INFO: Run Behavior\ReadHtmlCacheBehavior [ RunTime:0.002000s ]
INFO: [ app_begin ] --END-- [ RunTime:0.002000s ]
INFO: [ view_parse ] --START--
INFO: [ template_filter ] --START--
INFO: Run Behavior\ContentReplaceBehavior [ RunTime:0.000000s ]
INFO: [ template_filter ] --END-- [ RunTime:0.000000s ]
NOTIC: [8] Use of undefined constant parent_id - assumed 'parent_id' C:\phpapp\wwwroot\Application\Runtime\Cache\Admin\65459619f0431840908e08a3f02dd1d8.php 第 88 行.
NOTIC: [8] Use of undefined constant parent_id - assumed 'parent_id' C:\phpapp\wwwroot\Application\Runtime\Cache\Admin\65459619f0431840908e08a3f02dd1d8.php 第 88 行.
NOTIC: [8] Use of undefined constant parent_id - assumed 'parent_id' C:\phpapp\wwwroot\Application\Runtime\Cache\Admin\65459619f0431840908e08a3f02dd1d8.php 第 88 行.
NOTIC: [8] Use of undefined constant parent_id - assumed 'parent_id' C:\phpapp\wwwroot\Application\Runtime\Cache\Admin\65459619f0431840908e08a3f02dd1d8.php 第 88 行.
NOTIC: [8] Use of undefined constant parent_id - assumed 'parent_id' C:\phpapp\wwwroot\Application\Runtime\Cache\Admin\65459619f0431840908e08a3f02dd1d8.php 第 88 行.
NOTIC: [8] Use of undefined constant parent_id - assumed 'parent_id' C:\phpapp\wwwroot\Application\Runtime\Cache\Admin\65459619f0431840908e08a3f02dd1d8.php 第 88 行.
INFO: Run Behavior\ParseTemplateBehavior [ RunTime:0.011001s ]
INFO: [ view_parse ] --END-- [ RunTime:0.011001s ]
INFO: [ view_filter ] --START--
INFO: Run Behavior\WriteHtmlCacheBehavior [ RunTime:0.001000s ]
INFO: [ view_filter ] --END-- [ RunTime:0.001000s ]
INFO: [ app_end ] --START--
INFO: Run Behavior\ShowPageTraceBehavior [ RunTime:0.001000s ]
INFO: [ app_end ] --END-- [ RunTime:0.001000s ]

[ 2016-08-16T18:17:01+08:00 ] 127.0.0.1 /index.php/Admin/System/ctl_detail.html
INFO: [ app_init ] --START--
INFO: Run Behavior\BuildLiteBehavior [ RunTime:0.000000s ]
INFO: [ app_init ] --END-- [ RunTime:0.001000s ]
INFO: [ app_begin ] --START--
INFO: Run Behavior\ReadHtmlCacheBehavior [ RunTime:0.002000s ]
INFO: [ app_begin ] --END-- [ RunTime:0.002000s ]
NOTIC: [8] Undefined variable: modules C:\phpapp\wwwroot\Application\Admin\Controller\SystemController.class.php 第 175 行.
INFO: [ view_parse ] --START--
INFO: [ template_filter ] --START--
INFO: Run Behavior\ContentReplaceBehavior [ RunTime:0.000000s ]
INFO: [ template_filter ] --END-- [ RunTime:0.000000s ]
NOTIC: [8] Use of undefined constant mod_id - assumed 'mod_id' C:\phpapp\wwwroot\Application\Runtime\Cache\Admin\ddb4beca17d2524bd9a76c020e46dc77.php 第 102 行.
NOTIC: [8] Use of undefined constant mod_id - assumed 'mod_id' C:\phpapp\wwwroot\Application\Runtime\Cache\Admin\ddb4beca17d2524bd9a76c020e46dc77.php 第 102 行.
NOTIC: [8] Use of undefined constant mod_id - assumed 'mod_id' C:\phpapp\wwwroot\Application\Runtime\Cache\Admin\ddb4beca17d2524bd9a76c020e46dc77.php 第 102 行.
NOTIC: [8] Use of undefined constant mod_id - assumed 'mod_id' C:\phpapp\wwwroot\Application\Runtime\Cache\Admin\ddb4beca17d2524bd9a76c020e46dc77.php 第 102 行.
NOTIC: [8] Use of undefined constant mod_id - assumed 'mod_id' C:\phpapp\wwwroot\Application\Runtime\Cache\Admin\ddb4beca17d2524bd9a76c020e46dc77.php 第 102 行.
NOTIC: [8] Use of undefined constant mod_id - assumed 'mod_id' C:\phpapp\wwwroot\Application\Runtime\Cache\Admin\ddb4beca17d2524bd9a76c020e46dc77.php 第 102 行.
NOTIC: [8] Use of undefined constant mod_id - assumed 'mod_id' C:\phpapp\wwwroot\Application\Runtime\Cache\Admin\ddb4beca17d2524bd9a76c020e46dc77.php 第 102 行.
NOTIC: [8] Use of undefined constant mod_id - assumed 'mod_id' C:\phpapp\wwwroot\Application\Runtime\Cache\Admin\ddb4beca17d2524bd9a76c020e46dc77.php 第 102 行.
NOTIC: [8] Use of undefined constant mod_id - assumed 'mod_id' C:\phpapp\wwwroot\Application\Runtime\Cache\Admin\ddb4beca17d2524bd9a76c020e46dc77.php 第 102 行.
NOTIC: [8] Use of undefined constant mod_id - assumed 'mod_id' C:\phpapp\wwwroot\Application\Runtime\Cache\Admin\ddb4beca17d2524bd9a76c020e46dc77.php 第 102 行.
NOTIC: [8] Use of undefined constant mod_id - assumed 'mod_id' C:\phpapp\wwwroot\Application\Runtime\Cache\Admin\ddb4beca17d2524bd9a76c020e46dc77.php 第 102 行.
NOTIC: [8] Use of undefined constant mod_id - assumed 'mod_id' C:\phpapp\wwwroot\Application\Runtime\Cache\Admin\ddb4beca17d2524bd9a76c020e46dc77.php 第 102 行.
NOTIC: [8] Use of undefined constant mod_id - assumed 'mod_id' C:\phpapp\wwwroot\Application\Runtime\Cache\Admin\ddb4beca17d2524bd9a76c020e46dc77.php 第 102 行.
NOTIC: [8] Use of undefined constant mod_id - assumed 'mod_id' C:\phpapp\wwwroot\Application\Runtime\Cache\Admin\ddb4beca17d2524bd9a76c020e46dc77.php 第 102 行.
INFO: Run Behavior\ParseTemplateBehavior [ RunTime:0.011000s ]
INFO: [ view_parse ] --END-- [ RunTime:0.011000s ]
INFO: [ view_filter ] --START--
INFO: Run Behavior\WriteHtmlCacheBehavior [ RunTime:0.001000s ]
INFO: [ view_filter ] --END-- [ RunTime:0.001000s ]
INFO: [ app_end ] --START--
INFO: Run Behavior\ShowPageTraceBehavior [ RunTime:0.001000s ]
INFO: [ app_end ] --END-- [ RunTime:0.001000s ]

[ 2016-08-16T18:17:09+08:00 ] 127.0.0.1 /index.php/Admin/system/index.html
INFO: [ app_init ] --START--
INFO: Run Behavior\BuildLiteBehavior [ RunTime:0.000000s ]
INFO: [ app_init ] --END-- [ RunTime:0.001000s ]
INFO: [ app_begin ] --START--
INFO: Run Behavior\ReadHtmlCacheBehavior [ RunTime:0.001000s ]
INFO: [ app_begin ] --END-- [ RunTime:0.001000s ]
INFO: [ view_parse ] --START--
INFO: [ template_filter ] --START--
INFO: Run Behavior\ContentReplaceBehavior [ RunTime:0.000000s ]
INFO: [ template_filter ] --END-- [ RunTime:0.000000s ]
NOTIC: [8] Undefined variable: navigate_admin C:\phpapp\wwwroot\Application\Runtime\Cache\Admin\ca87e3a921666444dda363b69fdba826.php 第 71 行.
INFO: Run Behavior\ParseTemplateBehavior [ RunTime:0.012001s ]
INFO: [ view_parse ] --END-- [ RunTime:0.012001s ]
INFO: [ view_filter ] --START--
INFO: Run Behavior\WriteHtmlCacheBehavior [ RunTime:0.000000s ]
INFO: [ view_filter ] --END-- [ RunTime:0.000000s ]
INFO: [ app_end ] --START--
INFO: Run Behavior\ShowPageTraceBehavior [ RunTime:0.001000s ]
INFO: [ app_end ] --END-- [ RunTime:0.001000s ]

[ 2016-08-16T18:17:12+08:00 ] 127.0.0.1 /index.php/Admin/index/index
INFO: [ app_init ] --START--
INFO: Run Behavior\BuildLiteBehavior [ RunTime:0.000000s ]
INFO: [ app_init ] --END-- [ RunTime:0.000000s ]
INFO: [ app_begin ] --START--
INFO: Run Behavior\ReadHtmlCacheBehavior [ RunTime:0.000000s ]
INFO: [ app_begin ] --END-- [ RunTime:0.000000s ]
INFO: [ view_parse ] --START--
INFO: [ template_filter ] --START--
INFO: Run Behavior\ContentReplaceBehavior [ RunTime:0.000000s ]
INFO: [ template_filter ] --END-- [ RunTime:0.000000s ]
INFO: Run Behavior\ParseTemplateBehavior [ RunTime:0.010001s ]
INFO: [ view_parse ] --END-- [ RunTime:0.010001s ]
INFO: [ view_filter ] --START--
INFO: Run Behavior\WriteHtmlCacheBehavior [ RunTime:0.000000s ]
INFO: [ view_filter ] --END-- [ RunTime:0.000000s ]
INFO: [ app_end ] --START--
INFO: Run Behavior\ShowPageTraceBehavior [ RunTime:0.001000s ]
INFO: [ app_end ] --END-- [ RunTime:0.001000s ]

[ 2016-08-16T18:17:12+08:00 ] 127.0.0.1 /index.php/Admin/index/welcome
INFO: [ app_init ] --START--
INFO: Run Behavior\BuildLiteBehavior [ RunTime:0.000000s ]
INFO: [ app_init ] --END-- [ RunTime:0.001000s ]
INFO: [ app_begin ] --START--
INFO: Run Behavior\ReadHtmlCacheBehavior [ RunTime:0.001000s ]
INFO: [ app_begin ] --END-- [ RunTime:0.001000s ]
NOTIC: [2] file_get_contents(./Application/Admin/Conf/version.txt): failed to open stream: No such file or directory C:\phpapp\wwwroot\Application\Admin\Controller\IndexController.class.php 第 61 行.
INFO: [ view_parse ] --START--
INFO: [ template_filter ] --START--
INFO: Run Behavior\ContentReplaceBehavior [ RunTime:0.000000s ]
INFO: [ template_filter ] --END-- [ RunTime:0.000000s ]
INFO: Run Behavior\ParseTemplateBehavior [ RunTime:0.009000s ]
INFO: [ view_parse ] --END-- [ RunTime:0.009000s ]
INFO: [ view_filter ] --START--
INFO: Run Behavior\WriteHtmlCacheBehavior [ RunTime:0.001000s ]
INFO: [ view_filter ] --END-- [ RunTime:0.001000s ]
INFO: [ app_end ] --START--
INFO: Run Behavior\ShowPageTraceBehavior [ RunTime:0.001000s ]
INFO: [ app_end ] --END-- [ RunTime:0.001000s ]

